0 info it worked if it ends with ok
1 verbose cli [ 'C:\\Program Files (x86)\\Microsoft Visual Studio\\2017\\Enterprise\\Web\\External\\Node.exe',
1 verbose cli   'C:\\Program Files (x86)\\Microsoft Visual Studio\\2017\\Enterprise\\Web\\External\\node_modules\\npm\\bin\\npm-cli.js',
1 verbose cli   'install',
1 verbose cli   'ajax-unobtrusive' ]
2 info using npm@3.3.4
3 info using node@v5.4.1
4 silly loadCurrentTree Starting
5 silly install loadCurrentTree
6 silly install readLocalPackageData
7 silly fetchPackageMetaData ajax-unobtrusive
8 silly fetchNamedPackageData ajax-unobtrusive
9 silly mapToRegistry name ajax-unobtrusive
10 silly mapToRegistry using default registry
11 silly mapToRegistry registry https://registry.npmjs.org/
12 silly mapToRegistry uri https://registry.npmjs.org/ajax-unobtrusive
13 verbose request uri https://registry.npmjs.org/ajax-unobtrusive
14 verbose request no auth needed
15 info attempt registry request try #1 at 8:47:14 PM
16 verbose request id 52dc47f91f7f8584
17 http request GET https://registry.npmjs.org/ajax-unobtrusive
18 http 404 https://registry.npmjs.org/ajax-unobtrusive
19 verbose headers { date: 'Mon, 16 Jul 2018 18:47:15 GMT',
19 verbose headers   'content-type': 'application/json',
19 verbose headers   'content-length': '21',
19 verbose headers   connection: 'keep-alive',
19 verbose headers   'set-cookie': [ '__cfduid=d224743bd35e44261c49b7aec755e5f821531766834; expires=Tue, 16-Jul-19 18:47:14 GMT; path=/; domain=.registry.npmjs.org; HttpOnly' ],
19 verbose headers   'cache-control': 'max-age=300',
19 verbose headers   'cf-cache-status': 'MISS',
19 verbose headers   'cf-ray': '43b6a2dc48707c5a-BEG',
19 verbose headers   'expect-ct': 'max-age=604800, report-uri="https://report-uri.cloudflare.com/cdn-cgi/beacon/expect-ct"',
19 verbose headers   'npm-notice': 'Due to a recent security incident, all user tokens have been invalidated. Please see https://status.npmjs.org/incidents/dn7c1fgrr7ng for more details. To generate a new token, visit https://www.npmjs.com/settings/~/tokens or run "npm login".',
19 verbose headers   vary: 'accept-encoding, accept',
19 verbose headers   server: 'cloudflare' }
20 warn notice Due to a recent security incident, all user tokens have been invalidated. Please see https://status.npmjs.org/incidents/dn7c1fgrr7ng for more details. To generate a new token, visit https://www.npmjs.com/settings/~/tokens or run "npm login".
21 silly get cb [ 404,
21 silly get   { date: 'Mon, 16 Jul 2018 18:47:15 GMT',
21 silly get     'content-type': 'application/json',
21 silly get     'content-length': '21',
21 silly get     connection: 'keep-alive',
21 silly get     'set-cookie': [ '__cfduid=d224743bd35e44261c49b7aec755e5f821531766834; expires=Tue, 16-Jul-19 18:47:14 GMT; path=/; domain=.registry.npmjs.org; HttpOnly' ],
21 silly get     'cache-control': 'max-age=300',
21 silly get     'cf-cache-status': 'MISS',
21 silly get     'cf-ray': '43b6a2dc48707c5a-BEG',
21 silly get     'expect-ct': 'max-age=604800, report-uri="https://report-uri.cloudflare.com/cdn-cgi/beacon/expect-ct"',
21 silly get     'npm-notice': 'Due to a recent security incident, all user tokens have been invalidated. Please see https://status.npmjs.org/incidents/dn7c1fgrr7ng for more details. To generate a new token, visit https://www.npmjs.com/settings/~/tokens or run "npm login".',
21 silly get     vary: 'accept-encoding, accept',
21 silly get     server: 'cloudflare' } ]
22 silly fetchPackageMetaData Error: Not found : ajax-unobtrusive
22 silly fetchPackageMetaData     at makeError (C:\Program Files (x86)\Microsoft Visual Studio\2017\Enterprise\Web\External\node_modules\npm-registry-client\lib\request.js:264:12)
22 silly fetchPackageMetaData     at CachingRegistryClient.<anonymous> (C:\Program Files (x86)\Microsoft Visual Studio\2017\Enterprise\Web\External\node_modules\npm-registry-client\lib\request.js:252:14)
22 silly fetchPackageMetaData     at Request._callback (C:\Program Files (x86)\Microsoft Visual Studio\2017\Enterprise\Web\External\node_modules\npm-registry-client\lib\request.js:172:14)
22 silly fetchPackageMetaData     at Request.self.callback (C:\Program Files (x86)\Microsoft Visual Studio\2017\Enterprise\Web\External\node_modules\request\request.js:344:22)
22 silly fetchPackageMetaData     at emitTwo (events.js:87:13)
22 silly fetchPackageMetaData     at Request.emit (events.js:172:7)
22 silly fetchPackageMetaData     at Request.<anonymous> (C:\Program Files (x86)\Microsoft Visual Studio\2017\Enterprise\Web\External\node_modules\request\request.js:1239:14)
22 silly fetchPackageMetaData     at emitOne (events.js:82:20)
22 silly fetchPackageMetaData     at Request.emit (events.js:169:7)
22 silly fetchPackageMetaData     at IncomingMessage.<anonymous> (C:\Program Files (x86)\Microsoft Visual Studio\2017\Enterprise\Web\External\node_modules\request\request.js:1187:12)
22 silly fetchPackageMetaData  error for ajax-unobtrusive { [Error: Not found : ajax-unobtrusive] pkgid: 'ajax-unobtrusive', statusCode: 404, code: 'E404' }
23 silly rollbackFailedOptional Starting
24 silly rollbackFailedOptional Finishing
25 silly runTopLevelLifecycles Starting
26 silly runTopLevelLifecycles Finishing
27 silly install printInstalled
28 verbose stack Error: Not found : ajax-unobtrusive
28 verbose stack     at makeError (C:\Program Files (x86)\Microsoft Visual Studio\2017\Enterprise\Web\External\node_modules\npm-registry-client\lib\request.js:264:12)
28 verbose stack     at CachingRegistryClient.<anonymous> (C:\Program Files (x86)\Microsoft Visual Studio\2017\Enterprise\Web\External\node_modules\npm-registry-client\lib\request.js:252:14)
28 verbose stack     at Request._callback (C:\Program Files (x86)\Microsoft Visual Studio\2017\Enterprise\Web\External\node_modules\npm-registry-client\lib\request.js:172:14)
28 verbose stack     at Request.self.callback (C:\Program Files (x86)\Microsoft Visual Studio\2017\Enterprise\Web\External\node_modules\request\request.js:344:22)
28 verbose stack     at emitTwo (events.js:87:13)
28 verbose stack     at Request.emit (events.js:172:7)
28 verbose stack     at Request.<anonymous> (C:\Program Files (x86)\Microsoft Visual Studio\2017\Enterprise\Web\External\node_modules\request\request.js:1239:14)
28 verbose stack     at emitOne (events.js:82:20)
28 verbose stack     at Request.emit (events.js:169:7)
28 verbose stack     at IncomingMessage.<anonymous> (C:\Program Files (x86)\Microsoft Visual Studio\2017\Enterprise\Web\External\node_modules\request\request.js:1187:12)
29 verbose statusCode 404
30 verbose pkgid ajax-unobtrusive
31 verbose cwd C:\Users\death&night\source\repos\WebProdavnica\WebProdavnica\wwwroot
32 error Windows_NT 10.0.17134
33 error argv "C:\\Program Files (x86)\\Microsoft Visual Studio\\2017\\Enterprise\\Web\\External\\Node.exe" "C:\\Program Files (x86)\\Microsoft Visual Studio\\2017\\Enterprise\\Web\\External\\node_modules\\npm\\bin\\npm-cli.js" "install" "ajax-unobtrusive"
34 error node v5.4.1
35 error npm  v3.3.4
36 error code E404
37 error 404 Not found : ajax-unobtrusive
37 error 404
37 error 404 'ajax-unobtrusive' is not in the npm registry.
37 error 404 You should bug the author to publish it (or use the name yourself!)
37 error 404
37 error 404 Note that you can also install from a
37 error 404 tarball, folder, http url, or git url.
38 verbose exit [ 1, true ]
